#
# A fatal error has been detected by the Java Runtime Environment:
#
#  EXCEPTION_ACCESS_VIOLATION (0xc0000005) at pc=0x0000000064058845, pid=9444, tid=9500
#
# JRE version: Java(TM) SE Runtime Environment (8.0_60-b27) (build 1.8.0_60-b27)
# Java VM: Java HotSpot(TM) 64-Bit Server VM (25.60-b23 mixed mode windows-amd64 compressed oops)
# Problematic frame:
# V  [jvm.dll+0x128845]
#
# Failed to write core dump. Minidumps are not enabled by default on client versions of Windows
#
# If you would like to submit a bug report, please visit:
#   http://bugreport.java.com/bugreport/crash.jsp
#

---------------  T H R E A D  ---------------

Current thread (0x0000000019f25800):  JavaThread "JDWP Transport Listener: dt_socket" daemon [_thread_in_vm, id=9500, stack(0x000000001a490000,0x000000001a590000)]

siginfo: ExceptionCode=0xc0000005, reading address 0x00000000003b676e

Registers:
RAX=0x000000001a58f901, RBX=0x0000000019f25800, RCX=0x00000000003b676e, RDX=0x0000000000000000
RSP=0x000000001a58f9a0, RBP=0x00000000003b676e, RSI=0x000000001a58fab8, RDI=0x00000000011182f0
R8 =0x0000000019f25800, R9 =0x0000000000008000, R10=0x0000000000000000, R11=0x000000001b835a7e
R12=0x0000000000000000, R13=0x0000000019f2d0e8, R14=0x0000000000000000, R15=0x0000000000000000
RIP=0x0000000064058845, EFLAGS=0x0000000000010202

Top of Stack: (sp=0x000000001a58f9a0)
0x000000001a58f9a0:   0000000019f25800 0000000019f25800
0x000000001a58f9b0:   000000001a58fa68 000000006425e18b
0x000000001a58f9c0:   0000000019f25800 000000006427a9ed
0x000000001a58f9d0:   0000000000000000 0000000063e59155
0x000000001a58f9e0:   000000001c49b4f0 0000000063e6291e
0x000000001a58f9f0:   0000000019f25800 0000000000000000
0x000000001a58fa00:   0000000000000000 0000000000000000
0x000000001a58fa10:   00000000003b676e 0000000063e61a15
0x000000001a58fa20:   000000001a58fab8 000000001a58fa90
0x000000001a58fa30:   0000000000000001 000000001c49b4f0
0x000000001a58fa40:   00000000003b676e 0000000063e453b3
0x000000001a58fa50:   000000001a58fb80 0000000000000001
0x000000001a58fa60:   0000000000000001 000000001c49b4f0
0x000000001a58fa70:   0000000000000001 0000000000000000
0x000000001a58fa80:   0000000000000000 0000000000000000
0x000000001a58fa90:   0000000000000001 0000000063e45571 

Instructions: (pc=0x0000000064058845)
0x0000000064058825:   cc cc cc cc cc cc cc cc cc cc cc 48 83 ec 28 48
0x0000000064058835:   85 c9 75 07 33 c0 48 83 c4 28 c3 48 89 5c 24 20
0x0000000064058845:   48 8b 19 48 85 db 74 20 48 83 fb 37 74 1a 48 8b
0x0000000064058855:   13 48 8b cb ff 52 10 84 c0 74 0d 48 8b c3 48 8b 


Register to memory mapping:

RAX=0x000000001a58f901 is pointing into the stack for thread: 0x0000000019f25800
RBX=0x0000000019f25800 is a thread
RCX=0x00000000003b676e is an unknown value
RDX=0x0000000000000000 is an unknown value
RSP=0x000000001a58f9a0 is pointing into the stack for thread: 0x0000000019f25800
RBP=0x00000000003b676e is an unknown value
RSI=0x000000001a58fab8 is pointing into the stack for thread: 0x0000000019f25800
RDI=0x00000000011182f0 is an unknown value
R8 =0x0000000019f25800 is a thread
R9 =0x0000000000008000 is an unknown value
R10=0x0000000000000000 is an unknown value
R11=0x000000001b835a7e is an unknown value
R12=0x0000000000000000 is an unknown value
R13=0x0000000019f2d0e8 is an unknown value
R14=0x0000000000000000 is an unknown value
R15=0x0000000000000000 is an unknown value


Stack: [0x000000001a490000,0x000000001a590000],  sp=0x000000001a58f9a0,  free space=1022k
Native frames: (J=compiled Java code, j=interpreted, Vv=VM code, C=native code)
V  [jvm.dll+0x128845]
V  [jvm.dll+0x34a9ed]
C  [jdwp.dll+0x21a15]
C  [jdwp.dll+0x53b3]
C  [jdwp.dll+0x5571]
C  [jdwp.dll+0xf0a8]
C  [jdwp.dll+0x1f2d5]
C  [jdwp.dll+0x1f4aa]
V  [jvm.dll+0x1bb8e8]
V  [jvm.dll+0x243134]
V  [jvm.dll+0x299f6a]
C  [msvcr100.dll+0x21d9f]
C  [msvcr100.dll+0x21e3b]
C  [KERNEL32.DLL+0x14034]
C  [ntdll.dll+0x73691]


---------------  P R O C E S S  ---------------

Java Threads: ( => current thread )
  0x000000001d464000 JavaThread "http-nio-8090-Acceptor-0" daemon [_thread_in_native, id=13228, stack(0x000000004ab60000,0x000000004ac60000)]
  0x000000001d45f800 JavaThread "http-nio-8090-ClientPoller-1" daemon [_thread_in_native, id=2628, stack(0x000000004aa60000,0x000000004ab60000)]
  0x000000001ed4a800 JavaThread "http-nio-8090-ClientPoller-0" daemon [_thread_in_native, id=15712, stack(0x000000004a960000,0x000000004aa60000)]
  0x000000001ed4c000 JavaThread "http-nio-8090-exec-10" daemon [_thread_blocked, id=16924, stack(0x000000004a860000,0x000000004a960000)]
  0x000000001ed49000 JavaThread "http-nio-8090-exec-9" daemon [_thread_blocked, id=6208, stack(0x000000004a760000,0x000000004a860000)]
  0x000000001ed48000 JavaThread "http-nio-8090-exec-8" daemon [_thread_blocked, id=12420, stack(0x000000004a660000,0x000000004a760000)]
  0x000000001ed4b000 JavaThread "http-nio-8090-exec-7" daemon [_thread_blocked, id=15424, stack(0x000000004a560000,0x000000004a660000)]
  0x000000001ed40800 JavaThread "http-nio-8090-exec-6" daemon [_thread_blocked, id=9412, stack(0x000000004a460000,0x000000004a560000)]
  0x000000001ed47800 JavaThread "http-nio-8090-exec-5" daemon [_thread_blocked, id=8364, stack(0x000000004a360000,0x000000004a460000)]
  0x000000001ed46800 JavaThread "http-nio-8090-exec-4" daemon [_thread_blocked, id=7456, stack(0x000000004a260000,0x000000004a360000)]
  0x000000001ed44800 JavaThread "http-nio-8090-exec-3" daemon [_thread_blocked, id=8020, stack(0x000000004a160000,0x000000004a260000)]
  0x000000001ed45000 JavaThread "http-nio-8090-exec-2" daemon [_thread_blocked, id=18612, stack(0x000000004a060000,0x000000004a160000)]
  0x000000001ed46000 JavaThread "http-nio-8090-exec-1" daemon [_thread_blocked, id=5416, stack(0x0000000049f60000,0x000000004a060000)]
  0x000000001ed3d800 JavaThread "NioBlockingSelector.BlockPoller-19" daemon [_thread_in_native, id=15864, stack(0x0000000049e60000,0x0000000049f60000)]
  0x000000001ed43800 JavaThread "File Watcher" daemon [_thread_in_native, id=7716, stack(0x0000000049d60000,0x0000000049e60000)]
  0x000000001ed40000 JavaThread "container-7" [_thread_blocked, id=11148, stack(0x0000000049c60000,0x0000000049d60000)]
  0x000000001ed3f000 JavaThread "Catalina-utility-2" [_thread_blocked, id=10756, stack(0x0000000049b60000,0x0000000049c60000)]
  0x000000001ed3d000 JavaThread "Catalina-utility-1" [_thread_blocked, id=12580, stack(0x0000000049a60000,0x0000000049b60000)]
  0x000000001ed43000 JavaThread "Druid-ConnectionPool-Destroy-2130550513" daemon [_thread_blocked, id=4100, stack(0x0000000049960000,0x0000000049a60000)]
  0x000000001ed42000 JavaThread "Druid-ConnectionPool-Create-2130550513" daemon [_thread_blocked, id=5780, stack(0x0000000049860000,0x0000000049960000)]
  0x000000001d45c800 JavaThread "File Watcher" daemon [_thread_blocked, id=9660, stack(0x0000000044d60000,0x0000000044e60000)]
  0x000000001d460000 JavaThread "File Watcher" daemon [_thread_blocked, id=20076, stack(0x0000000044560000,0x0000000044660000)]
  0x000000001d463000 JavaThread "File Watcher" daemon [_thread_blocked, id=12492, stack(0x0000000043d60000,0x0000000043e60000)]
  0x000000001d461800 JavaThread "File Watcher" daemon [_thread_blocked, id=4452, stack(0x0000000043560000,0x0000000043660000)]
  0x000000001d45b000 JavaThread "File Watcher" daemon [_thread_blocked, id=3984, stack(0x0000000042d60000,0x0000000042e60000)]
  0x000000001d461000 JavaThread "File Watcher" daemon [_thread_in_native, id=20360, stack(0x0000000042560000,0x0000000042660000)]
  0x000000001d458800 JavaThread "File Watcher" daemon [_thread_in_native, id=9224, stack(0x0000000041d60000,0x0000000041e60000)]
  0x000000001d45d000 JavaThread "Java2D Disposer" daemon [_thread_blocked, id=16416, stack(0x0000000027ca0000,0x0000000027da0000)]
  0x000000001d45a000 JavaThread "DestroyJavaVM" [_thread_blocked, id=11560, stack(0x00000000029b0000,0x0000000002ab0000)]
  0x000000001eed8800 JavaThread "Live Reload Server" daemon [_thread_in_native, id=14268, stack(0x0000000023b00000,0x0000000023c00000)]
  0x000000001f2a3000 JavaThread "mysql-cj-abandoned-connection-cleanup" daemon [_thread_blocked, id=7912, stack(0x000000001f7e0000,0x000000001f8e0000)]
  0x0000000019fed000 JavaThread "Service Thread" daemon [_thread_blocked, id=13508, stack(0x000000001ab90000,0x000000001ac90000)]
  0x0000000019f55800 JavaThread "C1 CompilerThread3" daemon [_thread_blocked, id=11620, stack(0x000000001aa90000,0x000000001ab90000)]
  0x0000000019f51000 JavaThread "C2 CompilerThread2" daemon [_thread_blocked, id=236, stack(0x000000001a990000,0x000000001aa90000)]
  0x0000000019f46000 JavaThread "C2 CompilerThread1" daemon [_thread_blocked, id=2216, stack(0x000000001a890000,0x000000001a990000)]
  0x0000000019f40000 JavaThread "C2 CompilerThread0" daemon [_thread_blocked, id=5752, stack(0x000000001a790000,0x000000001a890000)]
  0x0000000019f31800 JavaThread "JDWP Command Reader" daemon [_thread_in_native, id=13160, stack(0x000000001a690000,0x000000001a790000)]
  0x0000000019f30800 JavaThread "JDWP Event Helper Thread" daemon [_thread_blocked, id=8548, stack(0x000000001a590000,0x000000001a690000)]
=>0x0000000019f25800 JavaThread "JDWP Transport Listener: dt_socket" daemon [_thread_in_vm, id=9500, stack(0x000000001a490000,0x000000001a590000)]
  0x0000000019f1f800 JavaThread "Attach Listener" daemon [_thread_blocked, id=15652, stack(0x000000001a390000,0x000000001a490000)]
  0x0000000019f1e800 JavaThread "Signal Dispatcher" daemon [_thread_blocked, id=12480, stack(0x000000001a290000,0x000000001a390000)]
  0x0000000017eae000 JavaThread "Finalizer" daemon [_thread_blocked, id=3932, stack(0x0000000019d90000,0x0000000019e90000)]
  0x0000000002f98000 JavaThread "Reference Handler" daemon [_thread_blocked, id=8832, stack(0x0000000019c90000,0x0000000019d90000)]

Other Threads:
  0x0000000017ea8800 VMThread [stack: 0x0000000019b90000,0x0000000019c90000] [id=12652]
  0x000000001a08f800 WatcherThread [stack: 0x000000001ac90000,0x000000001ad90000] [id=5480]

VM state:not at safepoint (normal execution)

VM Mutex/Monitor currently owned by a thread: None

Heap:
 PSYoungGen      total 241152K, used 142130K [0x00000000d6180000, 0x00000000e8080000, 0x0000000100000000)
  eden space 236544K, 60% used [0x00000000d6180000,0x00000000dec4cb68,0x00000000e4880000)
  from space 4608K, 0% used [0x00000000e7c00000,0x00000000e7c00000,0x00000000e8080000)
  to   space 10752K, 0% used [0x00000000e6b80000,0x00000000e6b80000,0x00000000e7600000)
 ParOldGen       total 85504K, used 29794K [0x0000000082400000, 0x0000000087780000, 0x00000000d6180000)
  object space 85504K, 34% used [0x0000000082400000,0x0000000084118808,0x0000000087780000)
 Metaspace       used 67675K, capacity 72942K, committed 73216K, reserved 1114112K
  class space    used 8098K, capacity 9201K, committed 9216K, reserved 1048576K

Card table byte_map: [0x0000000012360000,0x0000000012750000] byte_map_base: 0x0000000011f4e000

Marking Bits: (ParMarkBitMap*) 0x000000006473a5b0
 Begin Bits: [0x00000000131f0000, 0x0000000015160000)
 End Bits:   [0x0000000015160000, 0x00000000170d0000)

Polling page: 0x0000000001120000

CodeCache: size=245760Kb used=37862Kb max_used=37880Kb free=207897Kb
 bounds [0x0000000002fa0000, 0x00000000054e0000, 0x0000000011fa0000]
 total_blobs=9913 nmethods=9259 adapters=573
 compilation: enabled

Compilation events (10 events):
Event: 1108.082 Thread 0x0000000019f55800 11216   !   3       com.sun.proxy.$Proxy15::hashCode (32 bytes)
Event: 1108.082 Thread 0x0000000019f55800 nmethod 11216 0x00000000054bb150 code [0x00000000054bb300, 0x00000000054bb838]
Event: 1108.085 Thread 0x0000000019f55800 11217       3       sun.nio.ch.Net::isIPv6Available (20 bytes)
Event: 1108.086 Thread 0x0000000019f55800 nmethod 11217 0x00000000054bad50 code [0x00000000054baec0, 0x00000000054bb0a8]
Event: 1108.086 Thread 0x0000000019f55800 11218       3       java.lang.Thread::<init> (49 bytes)
Event: 1108.087 Thread 0x0000000019f55800 nmethod 11218 0x00000000054ba690 code [0x00000000054ba820, 0x00000000054baba8]
Event: 1108.090 Thread 0x0000000019f55800 11219       1       org.apache.tomcat.util.net.AbstractEndpoint::getName (5 bytes)
Event: 1108.090 Thread 0x0000000019f55800 nmethod 11219 0x0000000005361990 code [0x0000000005361ae0, 0x0000000005361bf0]
Event: 1108.091 Thread 0x0000000019f55800 11220       3       sun.misc.FloatingDecimal$BinaryToASCIIBuffer::getChars (502 bytes)
Event: 1108.093 Thread 0x0000000019f55800 nmethod 11220 0x00000000054c5a10 code [0x00000000054c5c80, 0x00000000054c6d38]

GC Heap History (10 events):
Event: 1082.136 GC heap before
{Heap before GC invocations=48 (full 18):
 PSYoungGen      total 241664K, used 5120K [0x00000000d6180000, 0x00000000e8b00000, 0x0000000100000000)
  eden space 236544K, 0% used [0x00000000d6180000,0x00000000d6180000,0x00000000e4880000)
  from space 5120K, 100% used [0x00000000e8600000,0x00000000e8b00000,0x00000000e8b00000)
  to   space 11264K, 0% used [0x00000000e7500000,0x00000000e7500000,0x00000000e8000000)
 ParOldGen       total 85504K, used 27491K [0x0000000082400000, 0x0000000087780000, 0x00000000d6180000)
  object space 85504K, 32% used [0x0000000082400000,0x0000000083ed8e98,0x0000000087780000)
 Metaspace       used 66911K, capacity 72032K, committed 72192K, reserved 1112064K
  class space    used 8003K, capacity 9094K, committed 9216K, reserved 1048576K
Event: 1082.380 GC heap after
Heap after GC invocations=48 (full 18):
 PSYoungGen      total 241664K, used 0K [0x00000000d6180000, 0x00000000e8b00000, 0x0000000100000000)
  eden space 236544K, 0% used [0x00000000d6180000,0x00000000d6180000,0x00000000e4880000)
  from space 5120K, 0% used [0x00000000e8600000,0x00000000e8600000,0x00000000e8b00000)
  to   space 11264K, 0% used [0x00000000e7500000,0x00000000e7500000,0x00000000e8000000)
 ParOldGen       total 85504K, used 28565K [0x0000000082400000, 0x0000000087780000, 0x00000000d6180000)
  object space 85504K, 33% used [0x0000000082400000,0x0000000083fe5440,0x0000000087780000)
 Metaspace       used 66890K, capacity 71984K, committed 72192K, reserved 1112064K
  class space    used 7999K, capacity 9078K, committed 9216K, reserved 1048576K
}
Event: 1087.223 GC heap before
{Heap before GC invocations=49 (full 18):
 PSYoungGen      total 241664K, used 150005K [0x00000000d6180000, 0x00000000e8b00000, 0x0000000100000000)
  eden space 236544K, 63% used [0x00000000d6180000,0x00000000df3fd758,0x00000000e4880000)
  from space 5120K, 0% used [0x00000000e8600000,0x00000000e8600000,0x00000000e8b00000)
  to   space 11264K, 0% used [0x00000000e7500000,0x00000000e7500000,0x00000000e8000000)
 ParOldGen       total 85504K, used 28565K [0x0000000082400000, 0x0000000087780000, 0x00000000d6180000)
  object space 85504K, 33% used [0x0000000082400000,0x0000000083fe5440,0x0000000087780000)
 Metaspace       used 67138K, capacity 72372K, committed 72704K, reserved 1112064K
  class space    used 8032K, capacity 9121K, committed 9216K, reserved 1048576K
Event: 1087.229 GC heap after
Heap after GC invocations=49 (full 18):
 PSYoungGen      total 241664K, used 4632K [0x00000000d6180000, 0x00000000e8680000, 0x0000000100000000)
  eden space 236544K, 0% used [0x00000000d6180000,0x00000000d6180000,0x00000000e4880000)
  from space 5120K, 90% used [0x00000000e7500000,0x00000000e79863e8,0x00000000e7a00000)
  to   space 10752K, 0% used [0x00000000e7c00000,0x00000000e7c00000,0x00000000e8680000)
 ParOldGen       total 85504K, used 28573K [0x0000000082400000, 0x0000000087780000, 0x00000000d6180000)
  object space 85504K, 33% used [0x0000000082400000,0x0000000083fe7440,0x0000000087780000)
 Metaspace       used 67138K, capacity 72372K, committed 72704K, reserved 1112064K
  class space    used 8032K, capacity 9121K, committed 9216K, reserved 1048576K
}
Event: 1087.229 GC heap before
{Heap before GC invocations=50 (full 19):
 PSYoungGen      total 241664K, used 4632K [0x00000000d6180000, 0x00000000e8680000, 0x0000000100000000)
  eden space 236544K, 0% used [0x00000000d6180000,0x00000000d6180000,0x00000000e4880000)
  from space 5120K, 90% used [0x00000000e7500000,0x00000000e79863e8,0x00000000e7a00000)
  to   space 10752K, 0% used [0x00000000e7c00000,0x00000000e7c00000,0x00000000e8680000)
 ParOldGen       total 85504K, used 28573K [0x0000000082400000, 0x0000000087780000, 0x00000000d6180000)
  object space 85504K, 33% used [0x0000000082400000,0x0000000083fe7440,0x0000000087780000)
 Metaspace       used 67138K, capacity 72372K, committed 72704K, reserved 1112064K
  class space    used 8032K, capacity 9121K, committed 9216K, reserved 1048576K
Event: 1087.356 GC heap after
Heap after GC invocations=50 (full 19):
 PSYoungGen      total 241664K, used 0K [0x00000000d6180000, 0x00000000e8680000, 0x0000000100000000)
  eden space 236544K, 0% used [0x00000000d6180000,0x00000000d6180000,0x00000000e4880000)
  from space 5120K, 0% used [0x00000000e7500000,0x00000000e7500000,0x00000000e7a00000)
  to   space 10752K, 0% used [0x00000000e7c00000,0x00000000e7c00000,0x00000000e8680000)
 ParOldGen       total 85504K, used 29930K [0x0000000082400000, 0x0000000087780000, 0x00000000d6180000)
  object space 85504K, 35% used [0x0000000082400000,0x000000008413aa38,0x0000000087780000)
 Metaspace       used 67135K, capacity 72366K, committed 72704K, reserved 1112064K
  class space    used 8031K, capacity 9119K, committed 9216K, reserved 1048576K
}
Event: 1107.140 GC heap before
{Heap before GC invocations=51 (full 19):
 PSYoungGen      total 241664K, used 186965K [0x00000000d6180000, 0x00000000e8680000, 0x0000000100000000)
  eden space 236544K, 79% used [0x00000000d6180000,0x00000000e18154e0,0x00000000e4880000)
  from space 5120K, 0% used [0x00000000e7500000,0x00000000e7500000,0x00000000e7a00000)
  to   space 10752K, 0% used [0x00000000e7c00000,0x00000000e7c00000,0x00000000e8680000)
 ParOldGen       total 85504K, used 29930K [0x0000000082400000, 0x0000000087780000, 0x00000000d6180000)
  object space 85504K, 35% used [0x0000000082400000,0x000000008413aa38,0x0000000087780000)
 Metaspace       used 67399K, capacity 72626K, committed 72704K, reserved 1112064K
  class space    used 8066K, capacity 9162K, committed 9216K, reserved 1048576K
Event: 1107.144 GC heap after
Heap after GC invocations=51 (full 19):
 PSYoungGen      total 241152K, used 4466K [0x00000000d6180000, 0x00000000e8080000, 0x0000000100000000)
  eden space 236544K, 0% used [0x00000000d6180000,0x00000000d6180000,0x00000000e4880000)
  from space 4608K, 96% used [0x00000000e7c00000,0x00000000e805cb88,0x00000000e8080000)
  to   space 10752K, 0% used [0x00000000e6b80000,0x00000000e6b80000,0x00000000e7600000)
 ParOldGen       total 85504K, used 29938K [0x0000000082400000, 0x0000000087780000, 0x00000000d6180000)
  object space 85504K, 35% used [0x0000000082400000,0x000000008413ca38,0x0000000087780000)
 Metaspace       used 67399K, capacity 72626K, committed 72704K, reserved 1112064K
  class space    used 8066K, capacity 9162K, committed 9216K, reserved 1048576K
}
Event: 1107.144 GC heap before
{Heap before GC invocations=52 (full 20):
 PSYoungGen      total 241152K, used 4466K [0x00000000d6180000, 0x00000000e8080000, 0x0000000100000000)
  eden space 236544K, 0% used [0x00000000d6180000,0x00000000d6180000,0x00000000e4880000)
  from space 4608K, 96% used [0x00000000e7c00000,0x00000000e805cb88,0x00000000e8080000)
  to   space 10752K, 0% used [0x00000000e6b80000,0x00000000e6b80000,0x00000000e7600000)
 ParOldGen       total 85504K, used 29938K [0x0000000082400000, 0x0000000087780000, 0x00000000d6180000)
  object space 85504K, 35% used [0x0000000082400000,0x000000008413ca38,0x0000000087780000)
 Metaspace       used 67399K, capacity 72626K, committed 72704K, reserved 1112064K
  class space    used 8066K, capacity 9162K, committed 9216K, reserved 1048576K
Event: 1107.227 GC heap after
Heap after GC invocations=52 (full 20):
 PSYoungGen      total 241152K, used 0K [0x00000000d6180000, 0x00000000e8080000, 0x0000000100000000)
  eden space 236544K, 0% used [0x00000000d6180000,0x00000000d6180000,0x00000000e4880000)
  from space 4608K, 0% used [0x00000000e7c00000,0x00000000e7c00000,0x00000000e8080000)
  to   space 10752K, 0% used [0x00000000e6b80000,0x00000000e6b80000,0x00000000e7600000)
 ParOldGen       total 85504K, used 29794K [0x0000000082400000, 0x0000000087780000, 0x00000000d6180000)
  object space 85504K, 34% used [0x0000000082400000,0x0000000084118808,0x0000000087780000)
 Metaspace       used 67397K, capacity 72620K, committed 72704K, reserved 1112064K
  class space    used 8065K, capacity 9160K, committed 9216K, reserved 1048576K
}

Deoptimization events (10 events):
Event: 1108.080 Thread 0x000000001ed3e800 Uncommon trap: reason=unhandled action=none pc=0x0000000004236ce4 method=java.lang.Class.getMethod(Ljava/lang/String;[Ljava/lang/Class;)Ljava/lang/reflect/Method; @ 61
Event: 1108.080 Thread 0x000000001ed3e800 Uncommon trap: reason=unhandled action=none pc=0x0000000004236ce4 method=java.lang.Class.getMethod(Ljava/lang/String;[Ljava/lang/Class;)Ljava/lang/reflect/Method; @ 61
Event: 1108.081 Thread 0x000000001ed3e800 Uncommon trap: reason=unhandled action=none pc=0x0000000004236ce4 method=java.lang.Class.getMethod(Ljava/lang/String;[Ljava/lang/Class;)Ljava/lang/reflect/Method; @ 61
Event: 1108.081 Thread 0x000000001ed3e800 Uncommon trap: reason=unhandled action=none pc=0x0000000004236ce4 method=java.lang.Class.getMethod(Ljava/lang/String;[Ljava/lang/Class;)Ljava/lang/reflect/Method; @ 61
Event: 1108.081 Thread 0x000000001ed3e800 Uncommon trap: reason=unhandled action=none pc=0x0000000004236ce4 method=java.lang.Class.getMethod(Ljava/lang/String;[Ljava/lang/Class;)Ljava/lang/reflect/Method; @ 61
Event: 1108.081 Thread 0x000000001ed3e800 Uncommon trap: reason=unhandled action=none pc=0x0000000004236ce4 method=java.lang.Class.getMethod(Ljava/lang/String;[Ljava/lang/Class;)Ljava/lang/reflect/Method; @ 61
Event: 1108.081 Thread 0x000000001ed3e800 Uncommon trap: reason=unhandled action=none pc=0x0000000004236ce4 method=java.lang.Class.getMethod(Ljava/lang/String;[Ljava/lang/Class;)Ljava/lang/reflect/Method; @ 61
Event: 1108.081 Thread 0x000000001ed3e800 Uncommon trap: reason=unhandled action=none pc=0x0000000004236ce4 method=java.lang.Class.getMethod(Ljava/lang/String;[Ljava/lang/Class;)Ljava/lang/reflect/Method; @ 61
Event: 1108.083 Thread 0x000000001ed3e800 Uncommon trap: reason=unhandled action=none pc=0x0000000005251280 method=javax.management.ObjectName.construct(Ljava/lang/String;)V @ 243
Event: 1108.083 Thread 0x000000001ed3e800 Uncommon trap: reason=unhandled action=none pc=0x0000000005251280 method=javax.management.ObjectName.construct(Ljava/lang/String;)V @ 243

Internal exceptions (10 events):
Event: 1107.964 Thread 0x000000001ed3e800 Exception <a 'java/lang/ArrayIndexOutOfBoundsException': 97> (0x00000000dd4b7af0) thrown at [C:\re\workspace\8-2-build-windows-amd64-cygwin\jdk8u60\4407\hotspot\src\share\vm\interpreter\interpreterRuntime.cpp, line 366]
Event: 1107.964 Thread 0x000000001ed3e800 Exception <a 'java/lang/ArrayIndexOutOfBoundsException': 40> (0x00000000dd4ba1a8) thrown at [C:\re\workspace\8-2-build-windows-amd64-cygwin\jdk8u60\4407\hotspot\src\share\vm\interpreter\interpreterRuntime.cpp, line 366]
Event: 1107.964 Thread 0x000000001ed3e800 Exception <a 'java/lang/ArrayIndexOutOfBoundsException': 47> (0x00000000dd4bb798) thrown at [C:\re\workspace\8-2-build-windows-amd64-cygwin\jdk8u60\4407\hotspot\src\share\vm\interpreter\interpreterRuntime.cpp, line 366]
Event: 1107.964 Thread 0x000000001ed3e800 Exception <a 'java/lang/ArrayIndexOutOfBoundsException': 63> (0x00000000dd4bd270) thrown at [C:\re\workspace\8-2-build-windows-amd64-cygwin\jdk8u60\4407\hotspot\src\share\vm\interpreter\interpreterRuntime.cpp, line 366]
Event: 1107.965 Thread 0x000000001ed3e800 Exception <a 'java/lang/ArrayIndexOutOfBoundsException': 167> (0x00000000dd4e2168) thrown at [C:\re\workspace\8-2-build-windows-amd64-cygwin\jdk8u60\4407\hotspot\src\share\vm\interpreter\interpreterRuntime.cpp, line 366]
Event: 1107.966 Thread 0x000000001ed3e800 Exception <a 'java/lang/ArrayIndexOutOfBoundsException': 137> (0x00000000dd5266c0) thrown at [C:\re\workspace\8-2-build-windows-amd64-cygwin\jdk8u60\4407\hotspot\src\share\vm\interpreter\interpreterRuntime.cpp, line 366]
Event: 1107.979 Thread 0x000000001ed3e800 Exception <a 'java/lang/ArrayIndexOutOfBoundsException': 231> (0x00000000dd715380) thrown at [C:\re\workspace\8-2-build-windows-amd64-cygwin\jdk8u60\4407\hotspot\src\share\vm\interpreter\interpreterRuntime.cpp, line 366]
Event: 1107.989 Thread 0x000000001ed3e800 Exception <a 'java/lang/ArrayIndexOutOfBoundsException': 293> (0x00000000dd88d4b0) thrown at [C:\re\workspace\8-2-build-windows-amd64-cygwin\jdk8u60\4407\hotspot\src\share\vm\interpreter\interpreterRuntime.cpp, line 366]
Event: 1108.000 Thread 0x000000001ed3e800 Exception <a 'java/lang/ArrayIndexOutOfBoundsException': 159> (0x00000000ddb85b28) thrown at [C:\re\workspace\8-2-build-windows-amd64-cygwin\jdk8u60\4407\hotspot\src\share\vm\interpreter\interpreterRuntime.cpp, line 366]
Event: 1108.003 Thread 0x000000001ed3e800 Exception <a 'java/lang/ArrayIndexOutOfBoundsException': 234> (0x00000000ddbef9b0) thrown at [C:\re\workspace\8-2-build-windows-amd64-cygwin\jdk8u60\4407\hotspot\src\share\vm\interpreter\interpreterRuntime.cpp, line 366]

Events (10 events):
Event: 1108.087 Thread 0x000000001ed4c000 Thread added: 0x000000001ed4c000
Event: 1108.089 Thread 0x000000001ed4a800 Thread added: 0x000000001ed4a800
Event: 1108.090 Thread 0x000000001d45f800 Thread added: 0x000000001d45f800
Event: 1108.090 Thread 0x000000001d464000 Thread added: 0x000000001d464000
Event: 1108.093 Thread 0x000000001ed3e800 Thread exited: 0x000000001ed3e800
Event: 1108.093 Executing VM operation: RevokeBias
Event: 1108.093 Executing VM operation: RevokeBias done
Event: 1108.093 Thread 0x000000001ed49800 Thread exited: 0x000000001ed49800
Event: 1110.539 Executing VM operation: ChangeBreakpoints
Event: 1110.541 Executing VM operation: ChangeBreakpoints done


Dynamic libraries:
0x00007ff7082b0000 - 0x00007ff7082e7000 	C:\Java\jdk1.8.0_60\bin\javaw.exe
0x00007ff8b4940000 - 0x00007ff8b4b21000 	C:\Windows\SYSTEM32\ntdll.dll
0x00007ff8b3190000 - 0x00007ff8b3241000 	C:\Windows\System32\KERNEL32.DLL
0x00007ff8b18c0000 - 0x00007ff8b1b33000 	C:\Windows\System32\KERNELBASE.dll
0x00007ff8b3420000 - 0x00007ff8b34c1000 	C:\Windows\System32\ADVAPI32.dll
0x00007ff8b30f0000 - 0x00007ff8b318e000 	C:\Windows\System32\msvcrt.dll
0x00007ff8b3080000 - 0x00007ff8b30db000 	C:\Windows\System32\sechost.dll
0x00007ff8b2480000 - 0x00007ff8b25a4000 	C:\Windows\System32\RPCRT4.dll
0x00007ff8b2a90000 - 0x00007ff8b2c20000 	C:\Windows\System32\USER32.dll
0x00007ff8b1db0000 - 0x00007ff8b1dd0000 	C:\Windows\System32\win32u.dll
0x00007ff8b2fa0000 - 0x00007ff8b2fc8000 	C:\Windows\System32\GDI32.dll
0x00007ff8b1bc0000 - 0x00007ff8b1d52000 	C:\Windows\System32\gdi32full.dll
0x00007ff8b0d10000 - 0x00007ff8b0daf000 	C:\Windows\System32\msvcp_win.dll
0x00007ff8b0e10000 - 0x00007ff8b0f08000 	C:\Windows\System32\ucrtbase.dll
0x00007ff8a3a80000 - 0x00007ff8a3ce9000 	C:\Windows\WinSxS\amd64_microsoft.windows.common-controls_6595b64144ccf1df_6.0.17134.765_none_fb42a1a930655896\COMCTL32.dll
0x00007ff8b2630000 - 0x00007ff8b2952000 	C:\Windows\System32\combase.dll
0x00007ff8b1b40000 - 0x00007ff8b1bba000 	C:\Windows\System32\bcryptPrimitives.dll
0x00007ff8b2a60000 - 0x00007ff8b2a8d000 	C:\Windows\System32\IMM32.DLL
0x00000000647c0000 - 0x0000000064892000 	C:\Java\jdk1.8.0_60\jre\bin\msvcr100.dll
0x0000000063f30000 - 0x00000000647b9000 	C:\Java\jdk1.8.0_60\jre\bin\server\jvm.dll
0x00007ff8b2960000 - 0x00007ff8b2968000 	C:\Windows\System32\PSAPI.DLL
0x00007ff8ad330000 - 0x00007ff8ad339000 	C:\Windows\SYSTEM32\WSOCK32.dll
0x00007ff8a3dd0000 - 0x00007ff8a3df3000 	C:\Windows\SYSTEM32\WINMM.dll
0x00007ff8a7d80000 - 0x00007ff8a7d8a000 	C:\Windows\SYSTEM32\VERSION.dll
0x00007ff8b25b0000 - 0x00007ff8b261c000 	C:\Windows\System32\WS2_32.dll
0x00007ff8a3970000 - 0x00007ff8a399a000 	C:\Windows\SYSTEM32\winmmbase.dll
0x00007ff8b1d60000 - 0x00007ff8b1da9000 	C:\Windows\System32\cfgmgr32.dll
0x0000000063f20000 - 0x0000000063f2f000 	C:\Java\jdk1.8.0_60\jre\bin\verify.dll
0x0000000063ef0000 - 0x0000000063f19000 	C:\Java\jdk1.8.0_60\jre\bin\java.dll
0x0000000063e40000 - 0x0000000063e75000 	C:\Java\jdk1.8.0_60\jre\bin\jdwp.dll
0x0000000063e30000 - 0x0000000063e38000 	C:\Java\jdk1.8.0_60\jre\bin\npt.dll
0x0000000063ed0000 - 0x0000000063ee6000 	C:\Java\jdk1.8.0_60\jre\bin\zip.dll
0x00007ff8b34d0000 - 0x00007ff8b4910000 	C:\Windows\System32\SHELL32.dll
0x00007ff8b2fd0000 - 0x00007ff8b3079000 	C:\Windows\System32\shcore.dll
0x00007ff8b11b0000 - 0x00007ff8b18bd000 	C:\Windows\System32\windows.storage.dll
0x00007ff8b2da0000 - 0x00007ff8b2df1000 	C:\Windows\System32\shlwapi.dll
0x00007ff8b0cf0000 - 0x00007ff8b0d01000 	C:\Windows\System32\kernel.appcore.dll
0x00007ff8b0cd0000 - 0x00007ff8b0cef000 	C:\Windows\System32\profapi.dll
0x00007ff8b0c80000 - 0x00007ff8b0ccc000 	C:\Windows\System32\powrprof.dll
0x00007ff8b0c70000 - 0x00007ff8b0c7a000 	C:\Windows\System32\FLTLIB.DLL
0x0000000063e20000 - 0x0000000063e29000 	C:\Java\jdk1.8.0_60\jre\bin\dt_socket.dll
0x00007ff8a5720000 - 0x00007ff8a5736000 	C:\Windows\system32\napinsp.dll
0x00007ff8a4880000 - 0x00007ff8a489a000 	C:\Windows\system32\pnrpnsp.dll
0x00007ff8ac6f0000 - 0x00007ff8ac709000 	C:\Windows\system32\NLAapi.dll
0x00007ff8b0450000 - 0x00007ff8b04b6000 	C:\Windows\System32\mswsock.dll
0x00007ff8b0220000 - 0x00007ff8b02de000 	C:\Windows\SYSTEM32\DNSAPI.dll
0x00007ff8b30e0000 - 0x00007ff8b30e8000 	C:\Windows\System32\NSI.dll
0x00007ff8b01d0000 - 0x00007ff8b0208000 	C:\Windows\SYSTEM32\IPHLPAPI.DLL
0x00007ff8a6e70000 - 0x00007ff8a6e7e000 	C:\Windows\System32\winrnr.dll
0x00007ff894770000 - 0x00007ff894785000 	C:\Windows\System32\wshbth.dll
0x00007ff8abb10000 - 0x00007ff8abb82000 	C:\Windows\System32\fwpuclnt.dll
0x00007ff8b0730000 - 0x00007ff8b0755000 	C:\Windows\SYSTEM32\bcrypt.dll
0x00007ff8aaa00000 - 0x00007ff8aaa0a000 	C:\Windows\System32\rasadhlp.dll
0x0000000063ec0000 - 0x0000000063ecd000 	C:\Java\jdk1.8.0_60\jre\bin\management.dll
0x0000000063ea0000 - 0x0000000063eba000 	C:\Java\jdk1.8.0_60\jre\bin\net.dll
0x0000000063e80000 - 0x0000000063e91000 	C:\Java\jdk1.8.0_60\jre\bin\nio.dll
0x00007ff8b0610000 - 0x00007ff8b0627000 	C:\Windows\SYSTEM32\CRYPTSP.dll
0x00007ff8b0030000 - 0x00007ff8b0063000 	C:\Windows\system32\rsaenh.dll
0x00007ff8b0b50000 - 0x00007ff8b0b78000 	C:\Windows\SYSTEM32\USERENV.dll
0x00007ff8b0600000 - 0x00007ff8b060b000 	C:\Windows\SYSTEM32\CRYPTBASE.dll
0x00007ff8ac210000 - 0x00007ff8ac226000 	C:\Windows\SYSTEM32\dhcpcsvc6.DLL
0x00007ff8ac130000 - 0x00007ff8ac14a000 	C:\Windows\SYSTEM32\dhcpcsvc.DLL
0x0000000063950000 - 0x0000000063ae8000 	C:\Java\jdk1.8.0_60\jre\bin\awt.dll
0x00007ff8b32d0000 - 0x00007ff8b3392000 	C:\Windows\System32\OLEAUT32.dll
0x00007ff8aea80000 - 0x00007ff8aeb0b000 	C:\Windows\SYSTEM32\apphelp.dll
0x00007ff8af1b0000 - 0x00007ff8af1d9000 	C:\Windows\system32\DWMAPI.DLL
0x00007ff8af060000 - 0x00007ff8af0f8000 	C:\Windows\system32\uxtheme.dll
0x0000000063900000 - 0x0000000063947000 	C:\Java\jdk1.8.0_60\jre\bin\fontmanager.dll
0x00000000638b0000 - 0x00000000638f2000 	C:\Java\jdk1.8.0_60\jre\bin\t2k.dll
0x0000000063870000 - 0x00000000638a1000 	C:\Java\jdk1.8.0_60\jre\bin\jpeg.dll
0x00007ff8ace90000 - 0x00007ff8ad059000 	C:\Windows\SYSTEM32\dbghelp.dll

VM Arguments:
jvm_args: -agentlib:jdwp=transport=dt_socket,suspend=y,address=localhost:56545 -Dfile.encoding=UTF-8 
java_command: com.innovate.filseserver.FileServerApp
java_class_path (initial): E:\xibeiwang\filseserver\target\classes;C:\Users\Founder\git\springboot-mybatis\utils\target\classes;D:\Repository\org\springframework\spring-tx\5.1.6.RELEASE\spring-tx-5.1.6.RELEASE.jar;D:\Repository\org\springframework\spring-beans\5.1.6.RELEASE\spring-beans-5.1.6.RELEASE.jar;D:\Repository\org\springframework\spring-context\5.1.6.RELEASE\spring-context-5.1.6.RELEASE.jar;D:\Repository\org\springframework\spring-aop\5.1.6.RELEASE\spring-aop-5.1.6.RELEASE.jar;D:\Repository\org\springframework\spring-expression\5.1.6.RELEASE\spring-expression-5.1.6.RELEASE.jar;D:\Repository\org\springframework\spring-context-support\5.1.6.RELEASE\spring-context-support-5.1.6.RELEASE.jar;D:\Repository\com\alibaba\druid-spring-boot-starter\1.1.10\druid-spring-boot-starter-1.1.10.jar;D:\Repository\org\mybatis\spring\boot\mybatis-spring-boot-starter\1.2.0\mybatis-spring-boot-starter-1.2.0.jar;D:\Repository\org\springframework\boot\spring-boot-starter-jdbc\2.1.4.RELEASE\spring-boot-starter-jdbc-2.1.4.RELEASE.jar;D:\Repository\com\zaxxer\HikariCP\3.2.0\HikariCP-3.2.0.jar;D:\Repository\org\springframework\spring-jdbc\5.1.6.RELEASE\spring-jdbc-5.1.6.RELEASE.jar;D:\Repository\org\mybatis\spring\boot\mybatis-spring-boot-autoconfigure\1.2.0\mybatis-spring-boot-autoconfigure-1.2.0.jar;D:\Repository\org\mybatis\mybatis\3.4.2\mybatis-3.4.2.jar;D:\Repository\org\mybatis\mybatis-spring\1.3.1\mybatis-spring-1.3.1.jar;D:\Repository\com\alibaba\druid\1.0.29\druid-1.0.29.jar;D:\Repository\org\apache\httpcomponents\httpclient\4.5.8\httpclient-4.5.8.jar;D:\Repository\org\apache\httpcomponents\httpcore\4.4.11\httpcore-4.4.11.jar;D:\Repository\commons-codec\commons-codec\1.11\commons-codec-1.11.jar;D:\Repository\org\apache\commons\commons-lang3\3.8.1\commons-lang3-3.8.1.jar;D:\Repository\com\google\guava\guava\23.0\guava-23.0.jar;D:\Repository\com\google\code\findbugs\jsr305\1.3.9\jsr305-1.3.9.jar;D:\Repository\com\google\errorprone\error_prone_annotations\2.0.18\error_prone_anno
Launcher Type: SUN_STANDARD

Environment Variables:
JAVA_HOME=C:\Java\jdk1.8.0_60
CLASSPATH=C:\Java\jdk1.8.0_60\lib;C:\Java\jdk1.8.0_60\lib\dt.jar;C:\Java\jdk1.8.0_60\lib\tools.jar
PATH=C:\ProgramData\Oracle\Java\javapath;C:\Program Files (x86)\Intel\Intel(R) Management Engine Components\iCLS\;C:\Program Files\Intel\Intel(R) Management Engine Components\iCLS\;C:\Windows\system32;C:\Windows;C:\Windows\System32\Wbem;C:\Windows\System32\WindowsPowerShell\v1.0\;C:\Windows\System32\OpenSSH\;C:\Program Files (x86)\Intel\Intel(R) Management Engine Components\DAL;C:\Program Files\Intel\Intel(R) Management Engine Components\DAL;C:\Program Files (x86)\Intel\Intel(R) Management Engine Components\IPT;C:\Program Files\Intel\Intel(R) Management Engine Components\IPT;C:\Java\jdk1.8.0_60\bin;C:\Java\jdk1.8.0_60\jre\bin;D:\Program Files\TortoiseSVN\bin;D:\redis;C:\Users\Founder\AppData\Local\Microsoft\WindowsApps;
USERNAME=Founder
OS=Windows_NT
PROCESSOR_IDENTIFIER=Intel64 Family 6 Model 142 Stepping 10, GenuineIntel



---------------  S Y S T E M  ---------------

OS: Windows 10.0 , 64 bit Build 17134 (10.0.17134.753)

CPU:total 8 (4 cores per cpu, 2 threads per core) family 6 model 142 stepping 10, cmov, cx8, fxsr, mmx, sse, sse2, sse3, ssse3, sse4.1, sse4.2, popcnt, avx, avx2, clmul, erms, 3dnowpref, lzcnt, ht, tsc, tscinvbit, bmi1, bmi2, adx

Memory: 4k page, physical 8239260k(578088k free), swap 11664320k(2279088k free)

vm_info: Java HotSpot(TM) 64-Bit Server VM (25.60-b23) for windows-amd64 JRE (1.8.0_60-b27), built on Aug  4 2015 11:06:27 by "java_re" with MS VC++ 10.0 (VS2010)

time: Wed May 29 16:31:25 2019
elapsed time: 1110 seconds (0d 0h 18m 30s)

